<?xml version="1.0" encoding="UTF-8"?>
<coverage generated="1632756997729" clover="3.2.0">
  <project timestamp="1632756997729" name="All files">
    <metrics statements="23" coveredstatements="13" conditionals="23" coveredconditionals="12" methods="6" coveredmethods="4" elements="52" coveredelements="29" complexity="0" loc="23" ncloc="23" packages="1" files="1" classes="1"/>
    <file name="checkWin.js" path="D:\My repository\TicTacTo\checkWin.js">
      <metrics statements="23" coveredstatements="13" conditionals="23" coveredconditionals="12" methods="6" coveredmethods="4"/>
      <line num="1" count="1" type="stmt"/>
      <line num="2" count="2" type="stmt"/>
      <line num="3" count="2" type="stmt"/>
      <line num="4" count="4" type="cond" truecount="2" falsecount="0"/>
      <line num="9" count="1" type="stmt"/>
      <line num="12" count="1" type="stmt"/>
      <line num="14" count="2" type="stmt"/>
      <line num="15" count="1" type="stmt"/>
      <line num="16" count="3" type="cond" truecount="1" falsecount="1"/>
      <line num="21" count="0" type="stmt"/>
      <line num="24" count="1" type="stmt"/>
      <line num="26" count="2" type="stmt"/>
      <line num="27" count="1" type="stmt"/>
      <line num="36" count="2" type="cond" truecount="3" falsecount="0"/>
      <line num="40" count="0" type="stmt"/>
      <line num="41" count="0" type="cond" truecount="0" falsecount="2"/>
      <line num="43" count="0" type="stmt"/>
      <line num="46" count="0" type="stmt"/>
      <line num="49" count="0" type="stmt"/>
      <line num="51" count="0" type="stmt"/>
      <line num="58" count="0" type="cond" truecount="0" falsecount="2"/>
      <line num="59" count="0" type="stmt"/>
      <line num="64" count="0" type="stmt"/>
    </file>
  </project>
</coverage>
