{"D:\\My repository\\TicTacTo\\checkWin.js": {"path":"D:\\My repository\\TicTacTo\\checkWin.js","statementMap":{"0":{"start":{"line":1,"column":24},"end":{"line":37,"column":1}},"1":{"start":{"line":2,"column":26},"end":{"line":13,"column":3}},"2":{"start":{"line":3,"column":4},"end":{"line":11,"column":5}},"3":{"start":{"line":3,"column":17},"end":{"line":3,"column":18}},"4":{"start":{"line":4,"column":6},"end":{"line":10,"column":7}},"5":{"start":{"line":9,"column":8},"end":{"line":9,"column":20}},"6":{"start":{"line":12,"column":4},"end":{"line":12,"column":17}},"7":{"start":{"line":14,"column":24},"end":{"line":25,"column":3}},"8":{"start":{"line":15,"column":4},"end":{"line":23,"column":5}},"9":{"start":{"line":15,"column":17},"end":{"line":15,"column":18}},"10":{"start":{"line":16,"column":6},"end":{"line":22,"column":7}},"11":{"start":{"line":21,"column":8},"end":{"line":21,"column":20}},"12":{"start":{"line":24,"column":4},"end":{"line":24,"column":17}},"13":{"start":{"line":26,"column":21},"end":{"line":35,"column":3}},"14":{"start":{"line":27,"column":4},"end":{"line":34,"column":6}},"15":{"start":{"line":36,"column":2},"end":{"line":36,"column":62}},"16":{"start":{"line":40,"column":2},"end":{"line":56,"column":3}},"17":{"start":{"line":41,"column":4},"end":{"line":41,"column":48}},"18":{"start":{"line":41,"column":39},"end":{"line":41,"column":48}},"19":{"start":{"line":43,"column":32},"end":{"line":45,"column":5}},"20":{"start":{"line":46,"column":17},"end":{"line":46,"column":58}},"21":{"start":{"line":49,"column":4},"end":{"line":49,"column":49}},"22":{"start":{"line":51,"column":4},"end":{"line":55,"column":6}},"23":{"start":{"line":58,"column":2},"end":{"line":62,"column":6}},"24":{"start":{"line":58,"column":41},"end":{"line":58,"column":60}},"25":{"start":{"line":59,"column":4},"end":{"line":62,"column":6}},"26":{"start":{"line":64,"column":2},"end":{"line":67,"column":4}}},"fnMap":{"0":{"name":"(anonymous_0)","decl":{"start":{"line":1,"column":24},"end":{"line":1,"column":25}},"loc":{"start":{"line":1,"column":54},"end":{"line":37,"column":1}},"line":1},"1":{"name":"(anonymous_1)","decl":{"start":{"line":2,"column":26},"end":{"line":2,"column":27}},"loc":{"start":{"line":2,"column":32},"end":{"line":13,"column":3}},"line":2},"2":{"name":"(anonymous_2)","decl":{"start":{"line":14,"column":24},"end":{"line":14,"column":25}},"loc":{"start":{"line":14,"column":30},"end":{"line":25,"column":3}},"line":14},"3":{"name":"(anonymous_3)","decl":{"start":{"line":26,"column":21},"end":{"line":26,"column":22}},"loc":{"start":{"line":26,"column":27},"end":{"line":35,"column":3}},"line":26},"4":{"name":"testWin","decl":{"start":{"line":39,"column":16},"end":{"line":39,"column":23}},"loc":{"start":{"line":39,"column":45},"end":{"line":68,"column":1}},"line":39},"5":{"name":"(anonymous_5)","decl":{"start":{"line":58,"column":23},"end":{"line":58,"column":24}},"loc":{"start":{"line":58,"column":41},"end":{"line":58,"column":60}},"line":58}},"branchMap":{"0":{"loc":{"start":{"line":4,"column":6},"end":{"line":10,"column":7}},"type":"if","locations":[{"start":{"line":4,"column":6},"end":{"line":10,"column":7}},{"start":{"line":4,"column":6},"end":{"line":10,"column":7}}],"line":4},"1":{"loc":{"start":{"line":5,"column":8},"end":{"line":7,"column":44}},"type":"binary-expr","locations":[{"start":{"line":5,"column":8},"end":{"line":5,"column":44}},{"start":{"line":6,"column":8},"end":{"line":6,"column":44}},{"start":{"line":7,"column":8},"end":{"line":7,"column":44}}],"line":5},"2":{"loc":{"start":{"line":16,"column":6},"end":{"line":22,"column":7}},"type":"if","locations":[{"start":{"line":16,"column":6},"end":{"line":22,"column":7}},{"start":{"line":16,"column":6},"end":{"line":22,"column":7}}],"line":16},"3":{"loc":{"start":{"line":17,"column":8},"end":{"line":19,"column":40}},"type":"binary-expr","locations":[{"start":{"line":17,"column":8},"end":{"line":17,"column":40}},{"start":{"line":18,"column":8},"end":{"line":18,"column":40}},{"start":{"line":19,"column":8},"end":{"line":19,"column":40}}],"line":17},"4":{"loc":{"start":{"line":28,"column":6},"end":{"line":33,"column":37}},"type":"binary-expr","locations":[{"start":{"line":28,"column":7},"end":{"line":28,"column":35}},{"start":{"line":29,"column":8},"end":{"line":29,"column":36}},{"start":{"line":30,"column":8},"end":{"line":30,"column":36}},{"start":{"line":31,"column":7},"end":{"line":31,"column":35}},{"start":{"line":32,"column":8},"end":{"line":32,"column":36}},{"start":{"line":33,"column":8},"end":{"line":33,"column":36}}],"line":28},"5":{"loc":{"start":{"line":36,"column":9},"end":{"line":36,"column":61}},"type":"binary-expr","locations":[{"start":{"line":36,"column":9},"end":{"line":36,"column":26}},{"start":{"line":36,"column":30},"end":{"line":36,"column":45}},{"start":{"line":36,"column":49},"end":{"line":36,"column":61}}],"line":36},"6":{"loc":{"start":{"line":41,"column":4},"end":{"line":41,"column":48}},"type":"if","locations":[{"start":{"line":41,"column":4},"end":{"line":41,"column":48}},{"start":{"line":41,"column":4},"end":{"line":41,"column":48}}],"line":41},"7":{"loc":{"start":{"line":58,"column":2},"end":{"line":62,"column":6}},"type":"if","locations":[{"start":{"line":58,"column":2},"end":{"line":62,"column":6}},{"start":{"line":58,"column":2},"end":{"line":62,"column":6}}],"line":58}},"s":{"0":1,"1":2,"2":2,"3":2,"4":4,"5":1,"6":1,"7":2,"8":1,"9":1,"10":3,"11":0,"12":1,"13":2,"14":1,"15":2,"16":0,"17":0,"18":0,"19":0,"20":0,"21":0,"22":0,"23":0,"24":0,"25":0,"26":0},"f":{"0":2,"1":2,"2":1,"3":1,"4":0,"5":0},"b":{"0":[1,3],"1":[4,2,1],"2":[0,3],"3":[3,0,0],"4":[1,0,0,1,0,0],"5":[2,1,1],"6":[0,0],"7":[0,0]},"_coverageSchema":"1a1c01bbd47fc00a2c39e90264f33305004495a9","hash":"3a0443d5b3c24b6b586c19a55e7a835ea75cbe54"}
}
