TN:
SF:checkWin.js
FN:1,(anonymous_0)
FN:2,(anonymous_1)
FN:14,(anonymous_2)
FN:26,(anonymous_3)
FN:39,testWin
FN:58,(anonymous_5)
FNF:6
FNH:4
FNDA:2,(anonymous_0)
FNDA:2,(anonymous_1)
FNDA:1,(anonymous_2)
FNDA:1,(anonymous_3)
FNDA:0,testWin
FNDA:0,(anonymous_5)
DA:1,1
DA:2,2
DA:3,2
DA:4,4
DA:9,1
DA:12,1
DA:14,2
DA:15,1
DA:16,3
DA:21,0
DA:24,1
DA:26,2
DA:27,1
DA:36,2
DA:40,0
DA:41,0
DA:43,0
DA:46,0
DA:49,0
DA:51,0
DA:58,0
DA:59,0
DA:64,0
LF:23
LH:13
BRDA:4,0,0,1
BRDA:4,0,1,3
BRDA:5,1,0,4
BRDA:5,1,1,2
BRDA:5,1,2,1
BRDA:16,2,0,0
BRDA:16,2,1,3
BRDA:17,3,0,3
BRDA:17,3,1,0
BRDA:17,3,2,0
BRDA:28,4,0,1
BRDA:28,4,1,0
BRDA:28,4,2,0
BRDA:28,4,3,1
BRDA:28,4,4,0
BRDA:28,4,5,0
BRDA:36,5,0,2
BRDA:36,5,1,1
BRDA:36,5,2,1
BRDA:41,6,0,0
BRDA:41,6,1,0
BRDA:58,7,0,0
BRDA:58,7,1,0
BRF:23
BRH:12
end_of_record
